Operating system: Microsoft Windows NT 6.2.9200.0
Opening INI file "C:\Users\lavag\OneDrive\Desktop\WIP\megadriven\SonLVL INI Files\SonLVL.ini"...
Game type is S1.
Loading Green Hill Zone Act 1...
Loading 256x256 chunks from file "../map256/GHZ.bin", using compression Kosinski...
Loading 16x16 blocks from file "../map16/GHZ.bin", using compression Enigma...
Loading 8x8 tiles from file "../artnem/8x8 - GHZ3.bin", using compression Nemesis...
Loading FG layout from file "../levels/ghz1.bin", using compression Uncompressed...
Loading BG layout from file "../levels/ghzbg.bin", using compression Uncompressed...
Loading FG layout from file "../levels/ghz2.bin", using compression Uncompressed...
Loading FG layout from file "../levels/ghz3.bin", using compression Uncompressed...
Loading palette file "../palette/Sonic.bin"...
Source: 0 Destination: 0 Length: 16
Loading palette file "../palette/Green Hill Zone.bin"...
Source: 0 Destination: 16 Length: 48
Loading FG layout from file "../levels/ending.bin", using compression Uncompressed...
Loading object definition file "obj.ini".
Loading object definition file "obj.rev01.ini".
Loading object definition file "objGHZ.ini".
Loading ObjectDefinition type S1ObjectDefinitions.Common.Ring from "Common\Ring.cs"...
Loading type from cached assembly "dllcache\S1ObjectDefinitions.Common.Ring.dll"...
Loading ObjectDefinition type S1ObjectDefinitions.Common.InvisibleBlock from "Common\InvisibleBlock.cs"...
Loading type from cached assembly "dllcache\S1ObjectDefinitions.Common.InvisibleBlock.dll"...
Loading ObjectDefinition type S1ObjectDefinitions.GHZ.Bridge from "GHZ\Bridge.cs"...
Loading type from cached assembly "dllcache\S1ObjectDefinitions.GHZ.Bridge.dll"...
Loading ObjectDefinition type S1ObjectDefinitions.GHZ.SwingingPlatform from "GHZ\SwingingPlatform.cs"...
Loading type from cached assembly "dllcache\S1ObjectDefinitions.GHZ.SwingingPlatform.dll"...
Loading ObjectDefinition type S1ObjectDefinitions.GHZ.SpikedPole from "GHZ\SpikedPole.cs"...
Loading type from cached assembly "dllcache\S1ObjectDefinitions.GHZ.SpikedPole.dll"...
Error loading object definition Chaos Emerald:
System.IndexOutOfRangeException: Index was outside the bounds of the array.
   at SonicRetro.SonLVL.API.MappingsTile..ctor(Byte[] file, Int32 address, EngineVersion version) in E:\Programs\SonLVL\SonLVLAPI\DataTypes.cs:line 1291
   at SonicRetro.SonLVL.API.MappingsFrame..ctor(Byte[] file, Int32 address, EngineVersion version, String name) in E:\Programs\SonLVL\SonLVLAPI\DataTypes.cs:line 1432
   at SonicRetro.SonLVL.API.MappingsFrame.Load(Byte[] file, EngineVersion version, Dictionary`2 labels) in E:\Programs\SonLVL\SonLVLAPI\DataTypes.cs:line 1405
   at SonicRetro.SonLVL.API.ObjectHelper.MapToBmp(Byte[] artfile, Byte[] mapfile, Int32 frame, Int32 startpal, Boolean priority, EngineVersion version) in E:\Programs\SonLVL\SonLVLAPI\ObjectHelper.cs:line 21
   at SonicRetro.SonLVL.API.ObjectHelper.MapASMToBmp(Byte[] artfile, String mapfileloc, Int32 frame, Int32 startpal, Boolean priority, EngineVersion version) in E:\Programs\SonLVL\SonLVLAPI\ObjectHelper.cs:line 29
   at SonicRetro.SonLVL.API.DefaultObjectDefinition.Init(ObjectData data) in E:\Programs\SonLVL\SonLVLAPI\ObjectDefinition.cs:line 532
Loading objects from file "../objpos/ghz1.bin", using compression Uncompressed...
Loading start position "Level Start" from file "../startpos/ghz1.bin"...
Loading start position "Credits Demo 1" from file "../startpos/ghz1 (Credits demo 1).bin"...
Loading start position "Credits Demo 2" from file "../startpos/ghz1 (Credits demo 2).bin"...
Drawing block bitmaps...
Drawing chunk bitmaps...
Level loaded in 0.7394221 second(s).
Load completed.
Saving Green Hill Zone Act 1...
Saving Green Hill Zone Act 1...
Opening INI file "C:\Users\lavag\OneDrive\Desktop\s2 nick arcade\Sonic 1 better\SonLVL INI Files\SonLVL.ini"...
Game type is S1.
Loading Spring Yard Zone Act 1...
16x16 block file "../map16/syz.bin" not found.
256x256 chunk file "../map256/syz.bin" not found.
Loading palette file "../pallet/sonic.bin"...
Source: 0 Destination: 0 Length: 16
Loading 8x8 tiles from file "../art/nemesis/8x8syz.bin", using compression Nemesis...
Loading FG layout from file "../levels/syz1.bin", using compression Uncompressed...
Loading BG layout from file "../levels/syzbg.bin", using compression Uncompressed...
Loading FG layout from file "../levels/syz2.bin", using compression Uncompressed...
Loading FG layout from file "../levels/syz3.bin", using compression Uncompressed...
System.AggregateException: One or more errors occurred. ---> System.IO.FileNotFoundException: Palette file could not be loaded! Have you set up your disassembly properly?
   at SonicRetro.SonLVL.API.LevelData.LoadLevelPalette() in E:\Programs\SonLVL\SonLVLAPI\LevelData.cs:line 689
   at System.Threading.Tasks.Task.InnerInvoke()
   at System.Threading.Tasks.Task.Execute()
   --- End of inner exception stack trace ---
   at System.Threading.Tasks.Task.WaitAll(Task[] tasks, Int32 millisecondsTimeout, CancellationToken cancellationToken)
   at System.Threading.Tasks.Task.WaitAll(Task[] tasks, Int32 millisecondsTimeout)
   at System.Threading.Tasks.Parallel.Invoke(ParallelOptions parallelOptions, Action[] actions)
   at System.Threading.Tasks.Parallel.Invoke(Action[] actions)
   at SonicRetro.SonLVL.API.LevelData.LoadLevel(String levelname, Boolean loadGraphics) in E:\Programs\SonLVL\SonLVLAPI\LevelData.cs:line 179
   at SonicRetro.SonLVL.GUI.MainForm.backgroundLevelLoader_DoWork(Object sender, DoWorkEventArgs e) in E:\Programs\SonLVL\SonLVL\MainForm.cs:line 574
---> (Inner Exception #0) System.IO.FileNotFoundException: Palette file could not be loaded! Have you set up your disassembly properly?
File name: '../pallet/sonic.bin'
   at SonicRetro.SonLVL.API.LevelData.LoadLevelPalette() in E:\Programs\SonLVL\SonLVLAPI\LevelData.cs:line 689
   at System.Threading.Tasks.Task.InnerInvoke()
   at System.Threading.Tasks.Task.Execute()<---

